2025-07-27 00:49:43 [scrapy.utils.log] INFO: Scrapy 2.13.3 started (bot: imdb_scraper)
2025-07-27 00:49:43 [scrapy.utils.log] INFO: Versions:
{'lxml': '6.0.0',
 'libxml2': '2.14.4',
 'cssselect': '1.3.0',
 'parsel': '1.10.0',
 'w3lib': '2.3.1',
 'Twisted': '25.5.0',
 'Python': '3.10.12 (main, Feb  4 2025, 14:57:36) [GCC 11.4.0]',
 'pyOpenSSL': '24.3.0 (OpenSSL 3.4.1 11 Feb 2025)',
 'cryptography': '44.0.3',
 'Platform': 'Linux-4.4.0-19041-Microsoft-x86_64-with-glibc2.35'}
2025-07-27 00:49:43 [scrapy.addons] INFO: Enabled addons:
[]
2025-07-27 00:49:43 [scrapy.extensions.telnet] INFO: Telnet Password: d4ed20d0f0ccb5c5
2025-07-27 00:49:43 [scrapy.middleware] INFO: Enabled extensions:
['scrapy.extensions.corestats.CoreStats',
 'scrapy.extensions.telnet.TelnetConsole',
 'scrapy.extensions.memusage.MemoryUsage',
 'scrapy.extensions.logstats.LogStats']
2025-07-27 00:49:43 [scrapy.crawler] INFO: Overridden settings:
{'BOT_NAME': 'imdb_scraper',
 'LOG_FILE': 'response.log',
 'LOG_LEVEL': 'INFO',
 'NEWSPIDER_MODULE': 'spiders',
 'RETRY_TIMES': 5,
 'ROBOTSTXT_OBEY': True,
 'SPIDER_MODULES': ['spiders']}
2025-07-27 00:49:43 [scrapy.middleware] INFO: Enabled downloader middlewares:
['scrapy.downloadermiddlewares.offsite.OffsiteMiddleware',
 'scrapy.downloadermiddlewares.retry.RetryMiddleware',
 'scrapy.downloadermiddlewares.robotstxt.RobotsTxtMiddleware',
 'scrapy.downloadermiddlewares.httpproxy.HttpProxyMiddleware',
 'scrapy.downloadermiddlewares.useragent.UserAgentMiddleware',
 'scrapy.downloadermiddlewares.httpauth.HttpAuthMiddleware',
 'scrapy.downloadermiddlewares.downloadtimeout.DownloadTimeoutMiddleware',
 'scrapy.downloadermiddlewares.defaultheaders.DefaultHeadersMiddleware',
 'scrapy.downloadermiddlewares.redirect.MetaRefreshMiddleware',
 'scrapy.downloadermiddlewares.httpcompression.HttpCompressionMiddleware',
 'scrapy.downloadermiddlewares.redirect.RedirectMiddleware',
 'rotating_proxies.middlewares.RotatingProxyMiddleware',
 'rotating_proxies.middlewares.BanDetectionMiddleware',
 'scrapy.downloadermiddlewares.cookies.CookiesMiddleware',
 'scrapy.downloadermiddlewares.stats.DownloaderStats']
2025-07-27 00:49:43 [scrapy.middleware] INFO: Enabled spider middlewares:
['scrapy.spidermiddlewares.start.StartSpiderMiddleware',
 'scrapy.spidermiddlewares.httperror.HttpErrorMiddleware',
 'scrapy.spidermiddlewares.referer.RefererMiddleware',
 'scrapy.spidermiddlewares.urllength.UrlLengthMiddleware',
 'scrapy.spidermiddlewares.depth.DepthMiddleware']
2025-07-27 00:49:43 [scrapy.middleware] INFO: Enabled item pipelines:
['pipelines.pipelines_movie_actor.PostgresMovieActorPipeline']
2025-07-27 00:49:43 [scrapy.core.engine] INFO: Spider opened
2025-07-27 00:49:45 [scrapy.extensions.logstats] INFO: Crawled 0 pages (at 0 pages/min), scraped 0 items (at 0 items/min)
2025-07-27 00:49:45 [scrapy.extensions.telnet] INFO: Telnet console listening on 127.0.0.1:6023
2025-07-27 00:49:45 [rotating_proxies.middlewares] INFO: Proxies(good: 0, dead: 0, unchecked: 3, reanimated: 0, mean backoff time: 0s)
2025-07-27 00:49:45 [imdb_movie] INFO: Starting crawl for URL: https://www.imdb.com/chart/top/
2025-07-27 00:50:09 [rotating_proxies.middlewares] WARNING: No proxies available; marking all proxies as unchecked
2025-07-27 00:50:15 [rotating_proxies.middlewares] INFO: Proxies(good: 0, dead: 1, unchecked: 0, reanimated: 2, mean backoff time: 205s)
2025-07-27 00:50:34 [rotating_proxies.middlewares] WARNING: No proxies available; marking all proxies as unchecked
2025-07-27 00:50:45 [scrapy.extensions.logstats] INFO: Crawled 1 pages (at 1 pages/min), scraped 0 items (at 0 items/min)
2025-07-27 00:50:45 [rotating_proxies.middlewares] INFO: Proxies(good: 0, dead: 0, unchecked: 0, reanimated: 3, mean backoff time: 0s)
2025-07-27 00:50:58 [rotating_proxies.middlewares] WARNING: No proxies available; marking all proxies as unchecked
2025-07-27 00:51:15 [rotating_proxies.middlewares] INFO: Proxies(good: 0, dead: 1, unchecked: 0, reanimated: 2, mean backoff time: 1849s)
2025-07-27 00:51:25 [imdb_movie] INFO: Using proxy: http://127.0.0.1:8080
2025-07-27 00:51:25 [imdb_movie] INFO: Total movies found: 250
2025-07-27 00:51:25 [imdb_movie] INFO: Requesting detail page for movie_id: tt0111161
2025-07-27 00:51:25 [imdb_movie] INFO: Requesting detail page for movie_id: tt0068646
2025-07-27 00:51:25 [imdb_movie] INFO: Requesting detail page for movie_id: tt0468569
2025-07-27 00:51:25 [imdb_movie] INFO: Requesting detail page for movie_id: tt0071562
2025-07-27 00:51:25 [imdb_movie] INFO: Requesting detail page for movie_id: tt0050083
2025-07-27 00:51:25 [imdb_movie] INFO: Requesting detail page for movie_id: tt0167260
2025-07-27 00:51:25 [imdb_movie] INFO: Requesting detail page for movie_id: tt0108052
2025-07-27 00:51:25 [imdb_movie] INFO: Requesting detail page for movie_id: tt0110912
2025-07-27 00:51:25 [imdb_movie] INFO: Requesting detail page for movie_id: tt0120737
2025-07-27 00:51:25 [imdb_movie] INFO: Requesting detail page for movie_id: tt0060196
2025-07-27 00:51:25 [imdb_movie] INFO: Requesting detail page for movie_id: tt0109830
2025-07-27 00:51:25 [imdb_movie] INFO: Requesting detail page for movie_id: tt0167261
2025-07-27 00:51:25 [imdb_movie] INFO: Requesting detail page for movie_id: tt0137523
2025-07-27 00:51:25 [imdb_movie] INFO: Requesting detail page for movie_id: tt1375666
2025-07-27 00:51:25 [imdb_movie] INFO: Requesting detail page for movie_id: tt0080684
2025-07-27 00:51:25 [imdb_movie] INFO: Requesting detail page for movie_id: tt0133093
2025-07-27 00:51:25 [imdb_movie] INFO: Requesting detail page for movie_id: tt0099685
2025-07-27 00:51:25 [imdb_movie] INFO: Requesting detail page for movie_id: tt0816692
2025-07-27 00:51:25 [imdb_movie] INFO: Requesting detail page for movie_id: tt0073486
2025-07-27 00:51:25 [imdb_movie] INFO: Requesting detail page for movie_id: tt0114369
2025-07-27 00:51:25 [imdb_movie] INFO: Requesting detail page for movie_id: tt0038650
2025-07-27 00:51:25 [imdb_movie] INFO: Requesting detail page for movie_id: tt0102926
2025-07-27 00:51:25 [imdb_movie] INFO: Requesting detail page for movie_id: tt0047478
2025-07-27 00:51:25 [imdb_movie] INFO: Requesting detail page for movie_id: tt0120815
2025-07-27 00:51:25 [imdb_movie] INFO: Requesting detail page for movie_id: tt0120689
2025-07-27 00:51:25 [imdb_movie] INFO: Requesting detail page for movie_id: tt0317248
2025-07-27 00:51:25 [imdb_movie] INFO: Requesting detail page for movie_id: tt0118799
2025-07-27 00:51:25 [imdb_movie] INFO: Requesting detail page for movie_id: tt0103064
2025-07-27 00:51:25 [imdb_movie] INFO: Requesting detail page for movie_id: tt0076759
2025-07-27 00:51:25 [imdb_movie] INFO: Requesting detail page for movie_id: tt0088763
2025-07-27 00:51:25 [imdb_movie] INFO: Requesting detail page for movie_id: tt0245429
2025-07-27 00:51:25 [imdb_movie] INFO: Requesting detail page for movie_id: tt0253474
2025-07-27 00:51:25 [imdb_movie] INFO: Requesting detail page for movie_id: tt0172495
2025-07-27 00:51:25 [imdb_movie] INFO: Requesting detail page for movie_id: tt6751668
2025-07-27 00:51:25 [imdb_movie] INFO: Requesting detail page for movie_id: tt0054215
2025-07-27 00:51:25 [imdb_movie] INFO: Requesting detail page for movie_id: tt0110357
2025-07-27 00:51:25 [imdb_movie] INFO: Requesting detail page for movie_id: tt0095327
2025-07-27 00:51:25 [imdb_movie] INFO: Requesting detail page for movie_id: tt0407887
2025-07-27 00:51:25 [imdb_movie] INFO: Requesting detail page for movie_id: tt2582802
2025-07-27 00:51:25 [imdb_movie] INFO: Requesting detail page for movie_id: tt0056058
2025-07-27 00:51:25 [imdb_movie] INFO: Requesting detail page for movie_id: tt0482571
2025-07-27 00:51:25 [imdb_movie] INFO: Requesting detail page for movie_id: tt0120586
2025-07-27 00:51:25 [imdb_movie] INFO: Requesting detail page for movie_id: tt0110413
2025-07-27 00:51:25 [imdb_movie] INFO: Requesting detail page for movie_id: tt9362722
2025-07-27 00:51:25 [imdb_movie] INFO: Requesting detail page for movie_id: tt0034583
2025-07-27 00:51:25 [imdb_movie] INFO: Requesting detail page for movie_id: tt0095765
2025-07-27 00:51:25 [imdb_movie] INFO: Requesting detail page for movie_id: tt0114814
2025-07-27 00:51:25 [imdb_movie] INFO: Requesting detail page for movie_id: tt1675434
2025-07-27 00:51:25 [imdb_movie] INFO: Requesting detail page for movie_id: tt0078748
2025-07-27 00:51:25 [imdb_movie] INFO: Requesting detail page for movie_id: tt0027977
2025-07-27 00:51:27 [imdb_movie] INFO: Using proxy: http://127.0.0.1:8080
2025-07-27 00:51:27 [imdb_movie] INFO: Parsed movie: tt0111161 - The Shawshank Redemption)
2025-07-27 00:51:27 [imdb_movie] INFO: Saved movie on imdb_movies: tt0111161 - The Shawshank Redemption
2025-07-27 00:51:27 [imdb_movie] INFO: Using proxy: http://127.0.0.1:8080
2025-07-27 00:51:27 [imdb_movie] INFO: Parsed movie: tt0080684 - Star Wars: Episode V - The Empire Strikes Back)
2025-07-27 00:51:27 [imdb_movie] INFO: Using proxy: http://127.0.0.1:8080
2025-07-27 00:51:27 [imdb_movie] INFO: Parsed movie: tt0137523 - Fight Club)
2025-07-27 00:51:27 [imdb_movie] INFO: Using proxy: http://127.0.0.1:8080
2025-07-27 00:51:27 [imdb_movie] INFO: Parsed movie: tt0167261 - The Lord of the Rings: The Two Towers)
2025-07-27 00:51:27 [imdb_movie] INFO: Using proxy: http://127.0.0.1:8080
2025-07-27 00:51:27 [imdb_movie] INFO: Parsed movie: tt0109830 - Forrest Gump)
2025-07-27 00:51:28 [imdb_movie] INFO: Saved movie on imdb_movies: tt0080684 - Star Wars: Episode V - The Empire Strikes Back
2025-07-27 00:51:28 [imdb_movie] INFO: Saved movie on imdb_movies: tt0137523 - Fight Club
2025-07-27 00:51:28 [imdb_movie] INFO: Saved movie on imdb_movies: tt0167261 - The Lord of the Rings: The Two Towers
2025-07-27 00:51:29 [imdb_movie] INFO: Saved movie on imdb_movies: tt0109830 - Forrest Gump
2025-07-27 00:51:29 [imdb_movie] INFO: Using proxy: http://127.0.0.1:8080
2025-07-27 00:51:29 [imdb_movie] INFO: Parsed movie: tt0133093 - The Matrix)
2025-07-27 00:51:29 [imdb_movie] INFO: Saved movie on imdb_movies: tt0133093 - The Matrix
2025-07-27 00:51:29 [imdb_movie] INFO: Using proxy: http://127.0.0.1:8080
2025-07-27 00:51:29 [imdb_movie] INFO: Parsed movie: tt1375666 - Inception)
2025-07-27 00:51:29 [imdb_movie] INFO: Saved movie on imdb_movies: tt1375666 - Inception
2025-07-27 00:51:29 [imdb_movie] INFO: Using proxy: http://127.0.0.1:8080
2025-07-27 00:51:30 [imdb_movie] INFO: Parsed movie: tt0060196 - Il buono, il brutto, il cattivo)
2025-07-27 00:51:30 [imdb_movie] INFO: Using proxy: http://127.0.0.1:8080
2025-07-27 00:51:30 [imdb_movie] INFO: Parsed movie: tt0120737 - The Lord of the Rings: The Fellowship of the Ring)
2025-07-27 00:51:30 [imdb_movie] INFO: Using proxy: http://127.0.0.1:8080
2025-07-27 00:51:30 [imdb_movie] INFO: Parsed movie: tt0110912 - Pulp Fiction)
2025-07-27 00:51:30 [imdb_movie] INFO: Using proxy: http://127.0.0.1:8080
2025-07-27 00:51:30 [imdb_movie] INFO: Parsed movie: tt0108052 - Schindler's List)
2025-07-27 00:51:30 [imdb_movie] INFO: Using proxy: http://127.0.0.1:8080
2025-07-27 00:51:30 [imdb_movie] INFO: Parsed movie: tt0167260 - The Lord of the Rings: The Return of the King)
2025-07-27 00:51:30 [imdb_movie] INFO: Using proxy: http://127.0.0.1:8080
2025-07-27 00:51:30 [imdb_movie] INFO: Parsed movie: tt0050083 - 12 Angry Men)
2025-07-27 00:51:30 [imdb_movie] INFO: Using proxy: http://127.0.0.1:8080
2025-07-27 00:51:30 [imdb_movie] INFO: Parsed movie: tt0071562 - The Godfather Part II)
2025-07-27 00:51:30 [imdb_movie] INFO: Saved movie on imdb_movies: tt0060196 - Il buono, il brutto, il cattivo
2025-07-27 00:51:30 [imdb_movie] INFO: Saved movie on imdb_movies: tt0120737 - The Lord of the Rings: The Fellowship of the Ring
2025-07-27 00:51:31 [imdb_movie] INFO: Saved movie on imdb_movies: tt0110912 - Pulp Fiction
2025-07-27 00:51:31 [imdb_movie] INFO: Saved movie on imdb_movies: tt0108052 - Schindler's List
2025-07-27 00:51:31 [imdb_movie] INFO: Saved movie on imdb_movies: tt0167260 - The Lord of the Rings: The Return of the King
2025-07-27 00:51:32 [imdb_movie] INFO: Saved movie on imdb_movies: tt0050083 - 12 Angry Men
2025-07-27 00:51:32 [imdb_movie] INFO: Saved movie on imdb_movies: tt0071562 - The Godfather Part II
2025-07-27 00:51:32 [imdb_movie] INFO: Using proxy: http://127.0.0.1:8080
2025-07-27 00:51:32 [imdb_movie] INFO: Parsed movie: tt0099685 - GoodFellas)
2025-07-27 00:51:32 [imdb_movie] INFO: Using proxy: http://127.0.0.1:8080
2025-07-27 00:51:32 [imdb_movie] INFO: Parsed movie: tt0468569 - The Dark Knight)
2025-07-27 00:51:32 [imdb_movie] INFO: Using proxy: http://127.0.0.1:8080
2025-07-27 00:51:32 [imdb_movie] INFO: Parsed movie: tt0027977 - Modern Times)
2025-07-27 00:51:33 [imdb_movie] INFO: Saved movie on imdb_movies: tt0099685 - GoodFellas
2025-07-27 00:51:33 [imdb_movie] INFO: Saved movie on imdb_movies: tt0468569 - The Dark Knight
2025-07-27 00:51:33 [imdb_movie] INFO: Saved movie on imdb_movies: tt0027977 - Modern Times
2025-07-27 00:51:34 [imdb_movie] INFO: Using proxy: http://127.0.0.1:8080
2025-07-27 00:51:34 [imdb_movie] INFO: Parsed movie: tt0078748 - Alien)
2025-07-27 00:51:34 [imdb_movie] INFO: Using proxy: http://127.0.0.1:8080
2025-07-27 00:51:34 [imdb_movie] INFO: Parsed movie: tt0114814 - The Usual Suspects)
2025-07-27 00:51:34 [imdb_movie] INFO: Saved movie on imdb_movies: tt0078748 - Alien
2025-07-27 00:51:34 [imdb_movie] INFO: Saved movie on imdb_movies: tt0114814 - The Usual Suspects
2025-07-27 00:51:34 [imdb_movie] INFO: Using proxy: http://127.0.0.1:8080
2025-07-27 00:51:34 [imdb_movie] INFO: Parsed movie: tt0120586 - American History X)
2025-07-27 00:51:35 [imdb_movie] INFO: Saved movie on imdb_movies: tt0120586 - American History X
2025-07-27 00:51:35 [imdb_movie] INFO: Using proxy: http://127.0.0.1:8080
2025-07-27 00:51:35 [imdb_movie] INFO: Parsed movie: tt1675434 - Intouchables)
2025-07-27 00:51:35 [imdb_movie] INFO: Using proxy: http://127.0.0.1:8080
2025-07-27 00:51:35 [imdb_movie] INFO: Parsed movie: tt0095765 - Nuovo Cinema Paradiso)
2025-07-27 00:51:35 [imdb_movie] INFO: Saved movie on imdb_movies: tt1675434 - Intouchables
2025-07-27 00:51:36 [imdb_movie] INFO: Saved movie on imdb_movies: tt0095765 - Nuovo Cinema Paradiso
2025-07-27 00:51:36 [imdb_movie] INFO: Using proxy: http://127.0.0.1:8080
2025-07-27 00:51:36 [imdb_movie] INFO: Parsed movie: tt0034583 - Casablanca)
2025-07-27 00:51:36 [imdb_movie] INFO: Using proxy: http://127.0.0.1:8080
2025-07-27 00:51:36 [imdb_movie] INFO: Parsed movie: tt0110413 - Léon)
2025-07-27 00:51:36 [imdb_movie] INFO: Saved movie on imdb_movies: tt0034583 - Casablanca
2025-07-27 00:51:36 [imdb_movie] INFO: Saved movie on imdb_movies: tt0110413 - Léon
2025-07-27 00:51:36 [imdb_movie] INFO: Using proxy: http://127.0.0.1:8080
2025-07-27 00:51:36 [imdb_movie] INFO: Parsed movie: tt0482571 - The Prestige)
2025-07-27 00:51:36 [imdb_movie] INFO: Using proxy: http://127.0.0.1:8080
2025-07-27 00:51:36 [imdb_movie] INFO: Parsed movie: tt0056058 - Seppuku)
2025-07-27 00:51:36 [imdb_movie] INFO: Using proxy: http://127.0.0.1:8080
2025-07-27 00:51:36 [imdb_movie] INFO: Parsed movie: tt0095327 - Hotaru no haka)
2025-07-27 00:51:36 [imdb_movie] INFO: Using proxy: http://127.0.0.1:8080
2025-07-27 00:51:36 [imdb_movie] INFO: Parsed movie: tt9362722 - Spider-Man: Across the Spider-Verse)
2025-07-27 00:51:36 [imdb_movie] INFO: Using proxy: http://127.0.0.1:8080
2025-07-27 00:51:36 [imdb_movie] INFO: Parsed movie: tt0407887 - The Departed)
2025-07-27 00:51:37 [imdb_movie] INFO: Saved movie on imdb_movies: tt0482571 - The Prestige
2025-07-27 00:51:37 [imdb_movie] INFO: Saved movie on imdb_movies: tt0056058 - Seppuku
2025-07-27 00:51:38 [imdb_movie] INFO: Saved movie on imdb_movies: tt0095327 - Hotaru no haka
2025-07-27 00:51:38 [imdb_movie] INFO: Saved movie on imdb_movies: tt9362722 - Spider-Man: Across the Spider-Verse
2025-07-27 00:51:38 [imdb_movie] INFO: Saved movie on imdb_movies: tt0407887 - The Departed
2025-07-27 00:51:38 [imdb_movie] INFO: Using proxy: http://127.0.0.1:8080
2025-07-27 00:51:38 [imdb_movie] INFO: Parsed movie: tt2582802 - Whiplash)
2025-07-27 00:51:38 [imdb_movie] INFO: Using proxy: http://127.0.0.1:8080
2025-07-27 00:51:38 [imdb_movie] INFO: Parsed movie: tt0110357 - The Lion King)
2025-07-27 00:51:38 [imdb_movie] INFO: Using proxy: http://127.0.0.1:8080
2025-07-27 00:51:38 [imdb_movie] INFO: Parsed movie: tt0054215 - Psycho)
2025-07-27 00:51:39 [imdb_movie] INFO: Saved movie on imdb_movies: tt2582802 - Whiplash
2025-07-27 00:51:39 [imdb_movie] INFO: Saved movie on imdb_movies: tt0110357 - The Lion King
2025-07-27 00:51:40 [imdb_movie] INFO: Saved movie on imdb_movies: tt0054215 - Psycho
2025-07-27 00:51:40 [imdb_movie] INFO: Using proxy: http://127.0.0.1:8080
2025-07-27 00:51:40 [imdb_movie] INFO: Parsed movie: tt6751668 - Gisaengchung)
2025-07-27 00:51:40 [imdb_movie] INFO: Using proxy: http://127.0.0.1:8080
2025-07-27 00:51:40 [imdb_movie] INFO: Parsed movie: tt0172495 - Gladiator)
2025-07-27 00:51:40 [imdb_movie] INFO: Using proxy: http://127.0.0.1:8080
2025-07-27 00:51:40 [imdb_movie] INFO: Parsed movie: tt0253474 - The Pianist)
2025-07-27 00:51:40 [imdb_movie] INFO: Using proxy: http://127.0.0.1:8080
2025-07-27 00:51:40 [imdb_movie] INFO: Parsed movie: tt0245429 - Sen to Chihiro no kamikakushi)
2025-07-27 00:51:40 [imdb_movie] INFO: Saved movie on imdb_movies: tt6751668 - Gisaengchung
2025-07-27 00:51:40 [imdb_movie] INFO: Saved movie on imdb_movies: tt0172495 - Gladiator
2025-07-27 00:51:41 [imdb_movie] INFO: Saved movie on imdb_movies: tt0253474 - The Pianist
2025-07-27 00:51:41 [imdb_movie] INFO: Saved movie on imdb_movies: tt0245429 - Sen to Chihiro no kamikakushi
2025-07-27 00:51:42 [imdb_movie] INFO: Using proxy: http://127.0.0.1:8080
2025-07-27 00:51:42 [imdb_movie] INFO: Parsed movie: tt0088763 - Back to the Future)
2025-07-27 00:51:43 [imdb_movie] INFO: Saved movie on imdb_movies: tt0088763 - Back to the Future
2025-07-27 00:51:43 [imdb_movie] INFO: Using proxy: http://127.0.0.1:8080
2025-07-27 00:51:43 [imdb_movie] INFO: Parsed movie: tt0317248 - Cidade de Deus)
2025-07-27 00:51:43 [imdb_movie] INFO: Saved movie on imdb_movies: tt0317248 - Cidade de Deus
2025-07-27 00:51:43 [imdb_movie] INFO: Using proxy: http://127.0.0.1:8080
2025-07-27 00:51:43 [imdb_movie] INFO: Parsed movie: tt0120689 - The Green Mile)
2025-07-27 00:51:43 [imdb_movie] INFO: Using proxy: http://127.0.0.1:8080
2025-07-27 00:51:43 [imdb_movie] INFO: Parsed movie: tt0120815 - Saving Private Ryan)
2025-07-27 00:51:43 [imdb_movie] INFO: Saved movie on imdb_movies: tt0120689 - The Green Mile
2025-07-27 00:51:44 [imdb_movie] INFO: Saved movie on imdb_movies: tt0120815 - Saving Private Ryan
2025-07-27 00:51:44 [imdb_movie] INFO: Using proxy: http://127.0.0.1:8080
2025-07-27 00:51:44 [imdb_movie] INFO: Parsed movie: tt0118799 - La vita è bella)
2025-07-27 00:51:44 [imdb_movie] INFO: Using proxy: http://127.0.0.1:8080
2025-07-27 00:51:44 [imdb_movie] INFO: Parsed movie: tt0047478 - Shichinin no samurai)
2025-07-27 00:51:44 [imdb_movie] INFO: Saved movie on imdb_movies: tt0118799 - La vita è bella
2025-07-27 00:51:45 [imdb_movie] INFO: Saved movie on imdb_movies: tt0047478 - Shichinin no samurai
2025-07-27 00:51:45 [scrapy.extensions.logstats] INFO: Crawled 49 pages (at 48 pages/min), scraped 42 items (at 42 items/min)
2025-07-27 00:51:45 [rotating_proxies.middlewares] INFO: Proxies(good: 1, dead: 2, unchecked: 0, reanimated: 0, mean backoff time: 1214s)
2025-07-27 00:51:45 [imdb_movie] INFO: Using proxy: http://127.0.0.1:8080
2025-07-27 00:51:45 [imdb_movie] INFO: Parsed movie: tt0103064 - Terminator 2: Judgment Day)
2025-07-27 00:51:45 [imdb_movie] INFO: Using proxy: http://127.0.0.1:8080
2025-07-27 00:51:45 [imdb_movie] INFO: Parsed movie: tt0076759 - Star Wars)
2025-07-27 00:51:45 [imdb_movie] INFO: Using proxy: http://127.0.0.1:8080
2025-07-27 00:51:45 [imdb_movie] INFO: Parsed movie: tt0102926 - The Silence of the Lambs)
2025-07-27 00:51:45 [imdb_movie] INFO: Using proxy: http://127.0.0.1:8080
2025-07-27 00:51:45 [imdb_movie] INFO: Parsed movie: tt0038650 - It's a Wonderful Life)
2025-07-27 00:51:45 [imdb_movie] INFO: Using proxy: http://127.0.0.1:8080
2025-07-27 00:51:45 [imdb_movie] INFO: Parsed movie: tt0114369 - Se7en)
2025-07-27 00:51:45 [imdb_movie] INFO: Saved movie on imdb_movies: tt0103064 - Terminator 2: Judgment Day
2025-07-27 00:51:46 [imdb_movie] INFO: Saved movie on imdb_movies: tt0076759 - Star Wars
2025-07-27 00:51:46 [imdb_movie] INFO: Saved movie on imdb_movies: tt0102926 - The Silence of the Lambs
2025-07-27 00:51:46 [imdb_movie] INFO: Saved movie on imdb_movies: tt0038650 - It's a Wonderful Life
2025-07-27 00:51:47 [imdb_movie] INFO: Saved movie on imdb_movies: tt0114369 - Se7en
2025-07-27 00:51:47 [imdb_movie] INFO: Using proxy: http://127.0.0.1:8080
2025-07-27 00:51:47 [imdb_movie] INFO: Parsed movie: tt0073486 - One Flew Over the Cuckoo's Nest)
2025-07-27 00:51:47 [imdb_movie] INFO: Using proxy: http://127.0.0.1:8080
2025-07-27 00:51:47 [imdb_movie] INFO: Parsed movie: tt0816692 - Interstellar)
2025-07-27 00:51:47 [imdb_movie] INFO: Saved movie on imdb_movies: tt0073486 - One Flew Over the Cuckoo's Nest
2025-07-27 00:51:47 [imdb_movie] INFO: Saved movie on imdb_movies: tt0816692 - Interstellar
2025-07-27 00:51:47 [imdb_movie] INFO: Using proxy: http://127.0.0.1:8080
2025-07-27 00:51:47 [imdb_movie] INFO: Parsed movie: tt0068646 - The Godfather)
2025-07-27 00:51:48 [imdb_movie] INFO: Saved movie on imdb_movies: tt0068646 - The Godfather
2025-07-27 00:51:48 [scrapy.core.engine] INFO: Closing spider (finished)
2025-07-27 00:51:48 [scrapy.statscollectors] INFO: Dumping Scrapy stats:
{'bans/error/twisted.internet.error.ConnectionRefusedError': 8,
 'bans/status/307': 3,
 'downloader/exception_count': 8,
 'downloader/exception_type_count/twisted.internet.error.ConnectionRefusedError': 8,
 'downloader/request_bytes': 74174,
 'downloader/request_count': 63,
 'downloader/request_method_count/GET': 63,
 'downloader/response_bytes': 14452599,
 'downloader/response_count': 55,
 'downloader/response_status_count/200': 52,
 'downloader/response_status_count/307': 3,
 'elapsed_time_seconds': 123.311531,
 'finish_reason': 'finished',
 'finish_time': datetime.datetime(2025, 7, 27, 5, 51, 48, 320788, tzinfo=datetime.timezone.utc),
 'httpcompression/response_bytes': 72399685,
 'httpcompression/response_count': 51,
 'item_scraped_count': 50,
 'items_per_minute': 24.390243902439025,
 'log_count/INFO': 220,
 'log_count/WARNING': 3,
 'memusage/max': 310042624,
 'memusage/startup': 59441152,
 'proxies/dead': 2,
 'proxies/good': 1,
 'proxies/mean_backoff': 1214.7317711078667,
 'proxies/reanimated': 0,
 'proxies/unchecked': 0,
 'request_depth_max': 1,
 'response_received_count': 52,
 'responses_per_minute': 25.365853658536587,
 'retry/count': 4,
 'retry/reason_count/twisted.internet.error.ConnectionRefusedError': 4,
 'robotstxt/request_count': 1,
 'robotstxt/response_count': 1,
 'robotstxt/response_status_count/200': 1,
 'scheduler/dequeued': 61,
 'scheduler/dequeued/memory': 61,
 'scheduler/enqueued': 61,
 'scheduler/enqueued/memory': 61,
 'start_time': datetime.datetime(2025, 7, 27, 5, 49, 45, 9257, tzinfo=datetime.timezone.utc)}
2025-07-27 00:51:48 [scrapy.core.engine] INFO: Spider closed (finished)
